{"level":"info","message":"hello from aquisition","service":"aquisition-api","timestamp":"2026-04-05T05:22:46.157Z"}
{"level":"info","message":"::1 - - [05/Apr/2026:05:22:46 +0000] \"GET / HTTP/1.1\" 304 - \"-\" \"Mozilla/5.0 (Windows NT 10.0; Win64; x64) AppleWebKit/537.36 (KHTML, like Gecko) Chrome/146.0.0.0 Safari/537.36 Edg/146.0.0.0\"","service":"aquisition-api","timestamp":"2026-04-05T05:22:46.178Z"}
{"level":"info","message":"::1 - - [05/Apr/2026:05:22:46 +0000] \"GET /favicon.ico HTTP/1.1\" 404 150 \"-\" \"Mozilla/5.0 (Windows NT 10.0; Win64; x64) AppleWebKit/537.36 (KHTML, like Gecko) Chrome/146.0.0.0 Safari/537.36 Edg/146.0.0.0\"","service":"aquisition-api","timestamp":"2026-04-05T05:22:46.321Z"}
{"level":"info","message":"hello from aquisition","service":"aquisition-api","timestamp":"2026-04-07T05:02:52.997Z"}
{"level":"info","message":"::1 - - [07/Apr/2026:05:02:53 +0000] \"GET / HTTP/1.1\" 200 21 \"-\" \"PostmanRuntime/7.52.0\"","service":"aquisition-api","timestamp":"2026-04-07T05:02:53.012Z"}
{"level":"info","message":"::1 - - [07/Apr/2026:05:03:28 +0000] \"GET /api HTTP/1.1\" 500 1271 \"-\" \"PostmanRuntime/7.52.0\"","service":"aquisition-api","timestamp":"2026-04-07T05:03:28.474Z"}
{"level":"info","message":"::1 - - [07/Apr/2026:05:13:33 +0000] \"GET /api HTTP/1.1\" 200 39 \"-\" \"PostmanRuntime/7.52.0\"","service":"aquisition-api","timestamp":"2026-04-07T05:13:33.291Z"}
{"level":"info","message":"::1 - - [07/Apr/2026:05:13:42 +0000] \"GET /health HTTP/1.1\" 500 1271 \"-\" \"PostmanRuntime/7.52.0\"","service":"aquisition-api","timestamp":"2026-04-07T05:13:42.893Z"}
{"level":"info","message":"::1 - - [07/Apr/2026:05:14:22 +0000] \"GET /health HTTP/1.1\" 500 1271 \"-\" \"PostmanRuntime/7.52.0\"","service":"aquisition-api","timestamp":"2026-04-07T05:14:22.095Z"}
{"level":"info","message":"::1 - - [07/Apr/2026:05:14:51 +0000] \"GET /health HTTP/1.1\" 200 73 \"-\" \"PostmanRuntime/7.52.0\"","service":"aquisition-api","timestamp":"2026-04-07T05:14:51.411Z"}
{"level":"info","message":"::1 - - [07/Apr/2026:05:15:52 +0000] \"POST /api/auth/sign-in HTTP/1.1\" 200 31 \"-\" \"PostmanRuntime/7.52.0\"","service":"aquisition-api","timestamp":"2026-04-07T05:15:52.683Z"}
{"level":"info","message":"::1 - - [08/Apr/2026:16:43:17 +0000] \"POST /api/auth/sign-up HTTP/1.1\" 400 1317 \"-\" \"PostmanRuntime/7.53.0\"","service":"aquisition-api","timestamp":"2026-04-08T16:43:17.112Z"}
{"level":"info","message":"::1 - - [08/Apr/2026:16:43:29 +0000] \"POST /api/auth/sign-up HTTP/1.1\" 400 1317 \"-\" \"PostmanRuntime/7.53.0\"","service":"aquisition-api","timestamp":"2026-04-08T16:43:29.936Z"}
{"level":"info","message":"::1 - - [08/Apr/2026:16:44:32 +0000] \"POST /api/auth/sign-up HTTP/1.1\" 400 1316 \"-\" \"PostmanRuntime/7.53.0\"","service":"aquisition-api","timestamp":"2026-04-08T16:44:32.866Z"}
{"level":"error","message":"signup error array is not defined","service":"aquisition-api","stack":"ReferenceError: array is not defined\n    at formatValidationError (file:///C:/Users/saura/OneDrive/Desktop/aquisitions/src/utils/format.js:4:5)\n    at signup (file:///C:/Users/saura/OneDrive/Desktop/aquisitions/src/controllers/auth.controller.js:12:18)\n    at Layer.handleRequest (C:\\Users\\saura\\OneDrive\\Desktop\\aquisitions\\node_modules\\router\\lib\\layer.js:152:17)\n    at next (C:\\Users\\saura\\OneDrive\\Desktop\\aquisitions\\node_modules\\router\\lib\\route.js:157:13)\n    at Route.dispatch (C:\\Users\\saura\\OneDrive\\Desktop\\aquisitions\\node_modules\\router\\lib\\route.js:117:3)\n    at handle (C:\\Users\\saura\\OneDrive\\Desktop\\aquisitions\\node_modules\\router\\index.js:435:11)\n    at Layer.handleRequest (C:\\Users\\saura\\OneDrive\\Desktop\\aquisitions\\node_modules\\router\\lib\\layer.js:152:17)\n    at C:\\Users\\saura\\OneDrive\\Desktop\\aquisitions\\node_modules\\router\\index.js:295:15\n    at processParams (C:\\Users\\saura\\OneDrive\\Desktop\\aquisitions\\node_modules\\router\\index.js:582:12)\n    at next (C:\\Users\\saura\\OneDrive\\Desktop\\aquisitions\\node_modules\\router\\index.js:291:5)","timestamp":"2026-04-08T16:45:04.361Z"}
{"level":"info","message":"::1 - - [08/Apr/2026:16:45:04 +0000] \"POST /api/auth/sign-up HTTP/1.1\" 400 1319 \"-\" \"PostmanRuntime/7.53.0\"","service":"aquisition-api","timestamp":"2026-04-08T16:45:04.379Z"}
{"level":"info","message":"::1 - - [08/Apr/2026:16:47:39 +0000] \"POST /api/auth/sign-up HTTP/1.1\" 400 92 \"-\" \"PostmanRuntime/7.53.0\"","service":"aquisition-api","timestamp":"2026-04-08T16:47:39.299Z"}
{"level":"info","message":"::1 - - [08/Apr/2026:16:49:12 +0000] \"POST /api/auth/sign-up HTTP/1.1\" 400 92 \"-\" \"PostmanRuntime/7.53.0\"","service":"aquisition-api","timestamp":"2026-04-08T16:49:12.447Z"}
{"level":"info","message":"::1 - - [08/Apr/2026:16:54:32 +0000] \"POST /api/auth/sign-up HTTP/1.1\" 400 92 \"-\" \"PostmanRuntime/7.53.0\"","service":"aquisition-api","timestamp":"2026-04-08T16:54:32.128Z"}
{"level":"info","message":"::1 - - [08/Apr/2026:16:58:15 +0000] \"POST /api/auth/sign-up HTTP/1.1\" 400 92 \"-\" \"PostmanRuntime/7.53.0\"","service":"aquisition-api","timestamp":"2026-04-08T16:58:15.825Z"}
{"level":"info","message":"::1 - - [08/Apr/2026:17:02:14 +0000] \"POST /api/auth/sign-up HTTP/1.1\" 400 196 \"-\" \"PostmanRuntime/7.53.0\"","service":"aquisition-api","timestamp":"2026-04-08T17:02:14.934Z"}
{"level":"info","message":"::1 - - [08/Apr/2026:17:03:54 +0000] \"POST /api/auth/sign-up HTTP/1.1\" 400 91 \"-\" \"PostmanRuntime/7.53.0\"","service":"aquisition-api","timestamp":"2026-04-08T17:03:54.421Z"}
{"level":"info","message":"user registered successfully sau@gmail.com","service":"aquisition-api","timestamp":"2026-04-08T17:04:03.781Z"}
{"level":"info","message":"::1 - - [08/Apr/2026:17:04:03 +0000] \"POST /api/auth/sign-up HTTP/1.1\" 201 100 \"-\" \"PostmanRuntime/7.53.0\"","service":"aquisition-api","timestamp":"2026-04-08T17:04:03.784Z"}
{"level":"info","message":"::1 - - [08/Apr/2026:17:04:12 +0000] \"POST /api/auth/sign-up HTTP/1.1\" 400 92 \"-\" \"PostmanRuntime/7.53.0\"","service":"aquisition-api","timestamp":"2026-04-08T17:04:12.953Z"}
{"level":"info","message":"User anyone@gmail.com created ","service":"aquisition-api","timestamp":"2026-04-10T12:55:48.514Z"}
{"level":"error","message":"signup error Cannot read properties of undefined (reading 'sign')","service":"aquisition-api","stack":"TypeError: Cannot read properties of undefined (reading 'sign')\n    at signup (file:///C:/Users/saura/OneDrive/Desktop/aquisitions/src/controllers/auth.controller.js:25:28)\n    at process.processTicksAndRejections (node:internal/process/task_queues:105:5)","timestamp":"2026-04-10T12:55:48.523Z"}
{"level":"info","message":"::1 - - [10/Apr/2026:12:55:48 +0000] \"POST /api/auth/sign-up HTTP/1.1\" 500 416 \"-\" \"PostmanRuntime/7.53.0\"","service":"aquisition-api","timestamp":"2026-04-10T12:55:48.532Z"}
{"level":"error","message":"Error creating user Error: User already exist","service":"aquisition-api","timestamp":"2026-04-10T13:00:11.224Z"}
{"level":"error","message":"signup error User already exist","service":"aquisition-api","stack":"Error: User already exist\n    at createUser (file:///C:/Users/saura/OneDrive/Desktop/aquisitions/src/services/auth.service.js:20:39)\n    at process.processTicksAndRejections (node:internal/process/task_queues:105:5)\n    at async signup (file:///C:/Users/saura/OneDrive/Desktop/aquisitions/src/controllers/auth.controller.js:23:18)","timestamp":"2026-04-10T13:00:11.232Z"}
{"level":"info","message":"::1 - - [10/Apr/2026:13:00:11 +0000] \"POST /api/auth/sign-up HTTP/1.1\" 500 496 \"-\" \"PostmanRuntime/7.53.0\"","service":"aquisition-api","timestamp":"2026-04-10T13:00:11.242Z"}
{"level":"info","message":"User kuchbhi@gmail.com created ","service":"aquisition-api","timestamp":"2026-04-10T13:01:40.764Z"}
{"level":"error","message":"signup error sign is not defined","service":"aquisition-api","stack":"ReferenceError: sign is not defined\n    at signup (file:///C:/Users/saura/OneDrive/Desktop/aquisitions/src/controllers/auth.controller.js:25:19)\n    at process.processTicksAndRejections (node:internal/process/task_queues:105:5)","timestamp":"2026-04-10T13:01:40.765Z"}
{"level":"info","message":"::1 - - [10/Apr/2026:13:01:40 +0000] \"POST /api/auth/sign-up HTTP/1.1\" 500 380 \"-\" \"PostmanRuntime/7.53.0\"","service":"aquisition-api","timestamp":"2026-04-10T13:01:40.768Z"}
{"level":"error","message":"Error creating user Error: User already exist","service":"aquisition-api","timestamp":"2026-04-10T13:02:39.873Z"}
{"level":"error","message":"signup error User already exist","service":"aquisition-api","stack":"Error: User already exist\n    at createUser (file:///C:/Users/saura/OneDrive/Desktop/aquisitions/src/services/auth.service.js:20:39)\n    at process.processTicksAndRejections (node:internal/process/task_queues:105:5)\n    at async signup (file:///C:/Users/saura/OneDrive/Desktop/aquisitions/src/controllers/auth.controller.js:23:18)","timestamp":"2026-04-10T13:02:39.879Z"}
{"level":"info","message":"::1 - - [10/Apr/2026:13:02:39 +0000] \"POST /api/auth/sign-up HTTP/1.1\" 500 496 \"-\" \"PostmanRuntime/7.53.0\"","service":"aquisition-api","timestamp":"2026-04-10T13:02:39.888Z"}
{"level":"info","message":"User hi@gmail.com created ","service":"aquisition-api","timestamp":"2026-04-10T13:03:02.273Z"}
{"level":"error","message":"signup error secretOrPrivateKey must have a value","service":"aquisition-api","stack":"Error: secretOrPrivateKey must have a value\n    at module.exports (C:\\Users\\saura\\OneDrive\\Desktop\\aquisitions\\node_modules\\jsonwebtoken\\sign.js:111:20)\n    at signup (file:///C:/Users/saura/OneDrive/Desktop/aquisitions/src/controllers/auth.controller.js:25:19)\n    at process.processTicksAndRejections (node:internal/process/task_queues:105:5)","timestamp":"2026-04-10T13:03:02.275Z"}
{"level":"info","message":"::1 - - [10/Apr/2026:13:03:02 +0000] \"POST /api/auth/sign-up HTTP/1.1\" 500 510 \"-\" \"PostmanRuntime/7.53.0\"","service":"aquisition-api","timestamp":"2026-04-10T13:03:02.278Z"}
{"level":"error","message":"Error creating user Error: User already exist","service":"aquisition-api","timestamp":"2026-04-10T13:06:17.966Z"}
{"level":"error","message":"signup error User already exist","service":"aquisition-api","stack":"Error: User already exist\n    at createUser (file:///C:/Users/saura/OneDrive/Desktop/aquisitions/src/services/auth.service.js:20:39)\n    at process.processTicksAndRejections (node:internal/process/task_queues:105:5)\n    at async signup (file:///C:/Users/saura/OneDrive/Desktop/aquisitions/src/controllers/auth.controller.js:24:18)","timestamp":"2026-04-10T13:06:17.971Z"}
{"level":"info","message":"::1 - - [10/Apr/2026:13:06:17 +0000] \"POST /api/auth/sign-up HTTP/1.1\" 500 496 \"-\" \"PostmanRuntime/7.53.0\"","service":"aquisition-api","timestamp":"2026-04-10T13:06:17.979Z"}
{"level":"info","message":"User munna@gmail.com created ","service":"aquisition-api","timestamp":"2026-04-10T13:06:49.395Z"}
{"level":"info","message":"user registered successfully munna@gmail.com","service":"aquisition-api","timestamp":"2026-04-10T13:06:49.410Z"}
{"level":"info","message":"::1 - - [10/Apr/2026:13:06:49 +0000] \"POST /api/auth/sign-up HTTP/1.1\" 201 100 \"-\" \"PostmanRuntime/7.53.0\"","service":"aquisition-api","timestamp":"2026-04-10T13:06:49.415Z"}
{"level":"info","message":"User mun@gmail.com created ","service":"aquisition-api","timestamp":"2026-04-10T13:23:45.178Z"}
{"level":"info","message":"user registered successfully mun@gmail.com","service":"aquisition-api","timestamp":"2026-04-10T13:23:45.181Z"}
{"level":"info","message":"::1 - - [10/Apr/2026:13:23:45 +0000] \"POST /api/auth/sign-up HTTP/1.1\" 201 96 \"-\" \"PostmanRuntime/7.53.0\"","service":"aquisition-api","timestamp":"2026-04-10T13:23:45.183Z"}
